[2022-02-15 16:40:42] [ INFO ] [PruebaModulo2JyApplication:80] Paciente [id=7, cedula=17000, nombre=Pedro, apellido=Sisalima, fechaNacimiento=1950-02-10, codigoSeguro=a7-78, estatura=1.78, peso=68.7, genero=masculino, citaMedica=null]
[2022-02-15 16:40:42] [ INFO ] [PruebaModulo2JyApplication:93] Paciente [id=8, cedula=237000, nombre=taty, apellido=Ruiz, fechaNacimiento=1950-02-10, codigoSeguro=pos-45, estatura=1.78, peso=68.7, genero=femenino, citaMedica=null]
[2022-02-15 16:40:42] [ INFO ] [PruebaModulo2JyApplication:105] Doctor [id=7, cedula=2300, nombre=Judit, apellido=Vicanco, fechaNacimiento=1992-06-24, numeroConsultorio=5, codigoSenescyt=rt-56, genero=femenino, citaMedica=null]
[2022-02-15 16:40:42] [ INFO ] [PruebaModulo2JyApplication:117] Doctor [id=8, cedula=1706, nombre=Mauro, apellido=Ruiz, fechaNacimiento=1987-04-04, numeroConsultorio=7, codigoSenescyt=po-56, genero=masculino, citaMedica=null]
[2022-02-15 16:40:42] [ INFO ] [PruebaModulo2JyApplication:128] CitaMedica [id=null, numero=45-78, fecha=2022-04-05T12:30, valor=50.2999999999999971578290569595992565155029296875, lugar=clinica pichincha ala B, diagnostico=disenteria, receta=paracetamol, fechaProximaCita=null, doctor=Doctor [id=7, cedula=2300, nombre=Judit, apellido=Vicanco, fechaNacimiento=1992-06-24, numeroConsultorio=5, codigoSenescyt=rt-56, genero=femenino, citaMedica=null], paciente=Paciente [id=8, cedula=237000, nombre=taty, apellido=Ruiz, fechaNacimiento=1950-02-10, codigoSeguro=pos-45, estatura=1.78, peso=68.7, genero=femenino, citaMedica=null]]
[2022-02-15 16:46:26] [ INFO ] [PruebaModulo2JyApplication:80] Paciente [id=9, cedula=17000, nombre=Pedro, apellido=Sisalima, fechaNacimiento=1950-02-10, codigoSeguro=a7-78, estatura=1.78, peso=68.7, genero=masculino, citaMedica=null]
[2022-02-15 16:46:26] [ INFO ] [PruebaModulo2JyApplication:93] Paciente [id=10, cedula=237000, nombre=taty, apellido=Ruiz, fechaNacimiento=1950-02-10, codigoSeguro=pos-45, estatura=1.78, peso=68.7, genero=femenino, citaMedica=null]
[2022-02-15 16:46:26] [ INFO ] [DoctorRepoImpl:26] Doctor [id=9, cedula=2300, nombre=Judit, apellido=Vicanco, fechaNacimiento=1992-06-24, numeroConsultorio=5, codigoSenescyt=rt-56, genero=femenino, citaMedica=null]
[2022-02-15 16:46:26] [ INFO ] [PruebaModulo2JyApplication:105] Doctor [id=9, cedula=2300, nombre=Judit, apellido=Vicanco, fechaNacimiento=1992-06-24, numeroConsultorio=5, codigoSenescyt=rt-56, genero=femenino, citaMedica=null]
[2022-02-15 16:46:26] [ INFO ] [DoctorRepoImpl:26] Doctor [id=10, cedula=1706, nombre=Mauro, apellido=Ruiz, fechaNacimiento=1987-04-04, numeroConsultorio=7, codigoSenescyt=po-56, genero=masculino, citaMedica=null]
[2022-02-15 16:46:26] [ INFO ] [PruebaModulo2JyApplication:117] Doctor [id=10, cedula=1706, nombre=Mauro, apellido=Ruiz, fechaNacimiento=1987-04-04, numeroConsultorio=7, codigoSenescyt=po-56, genero=masculino, citaMedica=null]
[2022-02-15 16:49:01] [ INFO ] [DoctorRepoImpl:24] Paciente [id=11, cedula=17000, nombre=Pedro, apellido=Sisalima, fechaNacimiento=1950-02-10, codigoSeguro=a7-78, estatura=1.78, peso=68.7, genero=masculino, citaMedica=null]
[2022-02-15 16:49:01] [ INFO ] [PruebaModulo2JyApplication:80] Paciente [id=11, cedula=17000, nombre=Pedro, apellido=Sisalima, fechaNacimiento=1950-02-10, codigoSeguro=a7-78, estatura=1.78, peso=68.7, genero=masculino, citaMedica=null]
[2022-02-15 16:49:01] [ INFO ] [DoctorRepoImpl:24] Paciente [id=12, cedula=237000, nombre=taty, apellido=Ruiz, fechaNacimiento=1950-02-10, codigoSeguro=pys-45, estatura=1.78, peso=68.7, genero=femenino, citaMedica=null]
[2022-02-15 16:49:01] [ INFO ] [PruebaModulo2JyApplication:93] Paciente [id=12, cedula=237000, nombre=taty, apellido=Ruiz, fechaNacimiento=1950-02-10, codigoSeguro=pys-45, estatura=1.78, peso=68.7, genero=femenino, citaMedica=null]
[2022-02-15 16:49:01] [ INFO ] [DoctorRepoImpl:26] Doctor [id=11, cedula=2300, nombre=Judit, apellido=Vican, fechaNacimiento=1992-06-24, numeroConsultorio=5, codigoSenescyt=rt-56, genero=femenino, citaMedica=null]
[2022-02-15 16:49:01] [ INFO ] [PruebaModulo2JyApplication:105] Doctor [id=11, cedula=2300, nombre=Judit, apellido=Vican, fechaNacimiento=1992-06-24, numeroConsultorio=5, codigoSenescyt=rt-56, genero=femenino, citaMedica=null]
[2022-02-15 16:49:01] [ INFO ] [DoctorRepoImpl:26] Doctor [id=12, cedula=1706, nombre=Mauro, apellido=Ruiz, fechaNacimiento=1987-04-04, numeroConsultorio=7, codigoSenescyt=po-56, genero=masculino, citaMedica=null]
[2022-02-15 16:49:01] [ INFO ] [PruebaModulo2JyApplication:117] Doctor [id=12, cedula=1706, nombre=Mauro, apellido=Ruiz, fechaNacimiento=1987-04-04, numeroConsultorio=7, codigoSenescyt=po-56, genero=masculino, citaMedica=null]
[2022-02-15 16:49:01] [ INFO ] [CitaMedicaRepoImpl:34] CitaMedica [id=5, numero=45-78, fecha=2022-04-05T12:30, valor=6.035999999999999435562614280570427470400143478815839712657044524579674771302961744368076324462890625, lugar=null, diagnostico=null, receta=null, fechaProximaCita=null, doctor=Doctor [id=11, cedula=2300, nombre=Judit, apellido=Vican, fechaNacimiento=1992-06-24, numeroConsultorio=5, codigoSenescyt=rt-56, genero=femenino, citaMedica=[]], paciente=Paciente [id=12, cedula=237000, nombre=taty, apellido=Ruiz, fechaNacimiento=1950-02-10, codigoSeguro=pys-45, estatura=1.78, peso=68.7, genero=femenino, citaMedica=[]]]
[2022-02-15 16:49:01] [ INFO ] [PruebaModulo2JyApplication:128] CitaMedica [id=null, numero=45-78, fecha=2022-04-05T12:30, valor=50.2999999999999971578290569595992565155029296875, lugar=clinica pichincha ala B, diagnostico=disenteria, receta=paracetamol, fechaProximaCita=null, doctor=Doctor [id=11, cedula=2300, nombre=Judit, apellido=Vican, fechaNacimiento=1992-06-24, numeroConsultorio=5, codigoSenescyt=rt-56, genero=femenino, citaMedica=null], paciente=Paciente [id=12, cedula=237000, nombre=taty, apellido=Ruiz, fechaNacimiento=1950-02-10, codigoSeguro=pys-45, estatura=1.78, peso=68.7, genero=femenino, citaMedica=null]]
[2022-02-15 17:00:14] [ INFO ] [PruebaModulo2JyApplication:48] ****************
[2022-02-15 17:00:14] [ INFO ] [DoctorRepoImpl:24] Paciente [id=13, cedula=17000, nombre=Pedro, apellido=Sisalima, fechaNacimiento=1950-02-10, codigoSeguro=a7-78, estatura=1.78, peso=68.7, genero=masculino, citaMedica=null]
[2022-02-15 17:00:14] [ INFO ] [PruebaModulo2JyApplication:82] Paciente [id=13, cedula=17000, nombre=Pedro, apellido=Sisalima, fechaNacimiento=1950-02-10, codigoSeguro=a7-78, estatura=1.78, peso=68.7, genero=masculino, citaMedica=null]
[2022-02-15 17:00:14] [ INFO ] [DoctorRepoImpl:24] Paciente [id=14, cedula=237000, nombre=taty, apellido=Ruiz, fechaNacimiento=1950-02-10, codigoSeguro=yus-45, estatura=1.78, peso=68.7, genero=femenino, citaMedica=null]
[2022-02-15 17:00:14] [ INFO ] [PruebaModulo2JyApplication:95] Paciente [id=14, cedula=237000, nombre=taty, apellido=Ruiz, fechaNacimiento=1950-02-10, codigoSeguro=yus-45, estatura=1.78, peso=68.7, genero=femenino, citaMedica=null]
[2022-02-15 17:00:14] [ INFO ] [DoctorRepoImpl:26] Doctor [id=13, cedula=2300, nombre=Judit, apellido=Vica, fechaNacimiento=1992-06-24, numeroConsultorio=5, codigoSenescyt=rt-56, genero=femenino, citaMedica=null]
[2022-02-15 17:00:14] [ INFO ] [PruebaModulo2JyApplication:107] Doctor [id=13, cedula=2300, nombre=Judit, apellido=Vica, fechaNacimiento=1992-06-24, numeroConsultorio=5, codigoSenescyt=rt-56, genero=femenino, citaMedica=null]
[2022-02-15 17:00:14] [ INFO ] [DoctorRepoImpl:26] Doctor [id=14, cedula=1706, nombre=Mauro, apellido=Ruiz, fechaNacimiento=1987-04-04, numeroConsultorio=7, codigoSenescyt=po-56, genero=masculino, citaMedica=null]
[2022-02-15 17:00:14] [ INFO ] [PruebaModulo2JyApplication:119] Doctor [id=14, cedula=1706, nombre=Mauro, apellido=Ruiz, fechaNacimiento=1987-04-04, numeroConsultorio=7, codigoSenescyt=po-56, genero=masculino, citaMedica=null]
[2022-02-15 17:00:14] [ INFO ] [CitaMedicaRepoImpl:34] CitaMedica [id=6, numero=45-78, fecha=2022-04-05T12:30, valor=56.335999999999996593391671240169683985903073166315839712657044524579674771302961744368076324462890625, lugar=null, diagnostico=null, receta=null, fechaProximaCita=null, doctor=Doctor [id=13, cedula=2300, nombre=Judit, apellido=Vica, fechaNacimiento=1992-06-24, numeroConsultorio=5, codigoSenescyt=rt-56, genero=femenino, citaMedica=[]], paciente=Paciente [id=14, cedula=237000, nombre=taty, apellido=Ruiz, fechaNacimiento=1950-02-10, codigoSeguro=yus-45, estatura=1.78, peso=68.7, genero=femenino, citaMedica=[]]]
[2022-02-15 17:00:14] [ INFO ] [PruebaModulo2JyApplication:130] CitaMedica [id=null, numero=45-78, fecha=2022-04-05T12:30, valor=50.2999999999999971578290569595992565155029296875, lugar=clinica pichincha ala B, diagnostico=disenteria, receta=paracetamol, fechaProximaCita=null, doctor=Doctor [id=13, cedula=2300, nombre=Judit, apellido=Vica, fechaNacimiento=1992-06-24, numeroConsultorio=5, codigoSenescyt=rt-56, genero=femenino, citaMedica=null], paciente=Paciente [id=14, cedula=237000, nombre=taty, apellido=Ruiz, fechaNacimiento=1950-02-10, codigoSeguro=yus-45, estatura=1.78, peso=68.7, genero=femenino, citaMedica=null]]
[2022-02-15 17:33:02] [ INFO ] [PruebaModulo2JyApplication:48] ****************
[2022-02-15 17:33:02] [ INFO ] [DoctorRepoImpl:24] Paciente [id=15, cedula=17000, nombre=Pedro, apellido=Sisalima, fechaNacimiento=1950-02-10, codigoSeguro=a7-78, estatura=1.78, peso=68.7, genero=masculino, citaMedica=null]
[2022-02-15 17:33:02] [ INFO ] [PruebaModulo2JyApplication:82] Paciente [id=15, cedula=17000, nombre=Pedro, apellido=Sisalima, fechaNacimiento=1950-02-10, codigoSeguro=a7-78, estatura=1.78, peso=68.7, genero=masculino, citaMedica=null]
[2022-02-15 17:33:02] [ INFO ] [DoctorRepoImpl:24] Paciente [id=16, cedula=237000, nombre=taty, apellido=Ruiz, fechaNacimiento=1950-02-10, codigoSeguro=qwus-45, estatura=1.78, peso=68.7, genero=femenino, citaMedica=null]
[2022-02-15 17:33:02] [ INFO ] [PruebaModulo2JyApplication:95] Paciente [id=16, cedula=237000, nombre=taty, apellido=Ruiz, fechaNacimiento=1950-02-10, codigoSeguro=qwus-45, estatura=1.78, peso=68.7, genero=femenino, citaMedica=null]
[2022-02-15 17:33:02] [ INFO ] [DoctorRepoImpl:26] Doctor [id=15, cedula=2300, nombre=Judit, apellido=Vinces, fechaNacimiento=1992-06-24, numeroConsultorio=5, codigoSenescyt=rt-56, genero=femenino, citaMedica=null]
[2022-02-15 17:33:02] [ INFO ] [PruebaModulo2JyApplication:107] Doctor [id=15, cedula=2300, nombre=Judit, apellido=Vinces, fechaNacimiento=1992-06-24, numeroConsultorio=5, codigoSenescyt=rt-56, genero=femenino, citaMedica=null]
[2022-02-15 17:33:02] [ INFO ] [DoctorRepoImpl:26] Doctor [id=16, cedula=1706, nombre=Mauro, apellido=Ruiz, fechaNacimiento=1987-04-04, numeroConsultorio=7, codigoSenescyt=po-56, genero=masculino, citaMedica=null]
[2022-02-15 17:33:02] [ INFO ] [PruebaModulo2JyApplication:119] Doctor [id=16, cedula=1706, nombre=Mauro, apellido=Ruiz, fechaNacimiento=1987-04-04, numeroConsultorio=7, codigoSenescyt=po-56, genero=masculino, citaMedica=null]
[2022-02-15 17:33:02] [ WARN ] [CitaMedicaRepoImpl:62] No se ha podido angendar la cita- fecha incorrecta
[2022-02-15 17:33:02] [ INFO ] [PruebaModulo2JyApplication:130] CitaMedica [id=null, numero=45-78, fecha=2021-04-05T12:30, valor=50.2999999999999971578290569595992565155029296875, lugar=clinica pichincha ala B, diagnostico=disenteria, receta=paracetamol, fechaProximaCita=null, doctor=Doctor [id=15, cedula=2300, nombre=Judit, apellido=Vinces, fechaNacimiento=1992-06-24, numeroConsultorio=5, codigoSenescyt=rt-56, genero=femenino, citaMedica=null], paciente=Paciente [id=16, cedula=237000, nombre=taty, apellido=Ruiz, fechaNacimiento=1950-02-10, codigoSeguro=qwus-45, estatura=1.78, peso=68.7, genero=femenino, citaMedica=null]]
[2022-02-15 17:41:25] [ INFO ] [PruebaModulo2JyApplication:48] ****************
[2022-02-15 17:41:25] [ INFO ] [DoctorRepoImpl:24] Paciente [id=17, cedula=17000, nombre=Pedro, apellido=Sisalima, fechaNacimiento=1950-02-10, codigoSeguro=a7-78, estatura=1.78, peso=68.7, genero=masculino, citaMedica=null]
[2022-02-15 17:41:25] [ INFO ] [PruebaModulo2JyApplication:82] Paciente [id=17, cedula=17000, nombre=Pedro, apellido=Sisalima, fechaNacimiento=1950-02-10, codigoSeguro=a7-78, estatura=1.78, peso=68.7, genero=masculino, citaMedica=null]
[2022-02-15 17:41:25] [ INFO ] [DoctorRepoImpl:24] Paciente [id=18, cedula=237000, nombre=taty, apellido=Ruiz, fechaNacimiento=1950-02-10, codigoSeguro=iowus-45, estatura=1.78, peso=68.7, genero=femenino, citaMedica=null]
[2022-02-15 17:41:25] [ INFO ] [PruebaModulo2JyApplication:95] Paciente [id=18, cedula=237000, nombre=taty, apellido=Ruiz, fechaNacimiento=1950-02-10, codigoSeguro=iowus-45, estatura=1.78, peso=68.7, genero=femenino, citaMedica=null]
[2022-02-15 17:41:25] [ INFO ] [DoctorRepoImpl:26] Doctor [id=17, cedula=2300, nombre=Judit, apellido=Vince, fechaNacimiento=1992-06-24, numeroConsultorio=5, codigoSenescyt=rt-56, genero=femenino, citaMedica=null]
[2022-02-15 17:41:25] [ INFO ] [PruebaModulo2JyApplication:107] Doctor [id=17, cedula=2300, nombre=Judit, apellido=Vince, fechaNacimiento=1992-06-24, numeroConsultorio=5, codigoSenescyt=rt-56, genero=femenino, citaMedica=null]
[2022-02-15 17:41:25] [ INFO ] [DoctorRepoImpl:26] Doctor [id=18, cedula=1706, nombre=Mauro, apellido=Ruiz, fechaNacimiento=1987-04-04, numeroConsultorio=7, codigoSenescyt=po-56, genero=masculino, citaMedica=null]
[2022-02-15 17:41:25] [ INFO ] [PruebaModulo2JyApplication:119] Doctor [id=18, cedula=1706, nombre=Mauro, apellido=Ruiz, fechaNacimiento=1987-04-04, numeroConsultorio=7, codigoSenescyt=po-56, genero=masculino, citaMedica=null]
[2022-02-15 17:46:43] [ INFO ] [PruebaModulo2JyApplication:48] ****************
[2022-02-15 17:46:44] [ INFO ] [DoctorRepoImpl:24] Paciente [id=19, cedula=17000, nombre=Pedro, apellido=Sisalima, fechaNacimiento=1950-02-10, codigoSeguro=a7-78, estatura=1.78, peso=68.7, genero=masculino]
[2022-02-15 17:46:44] [ INFO ] [PruebaModulo2JyApplication:82] Paciente [id=19, cedula=17000, nombre=Pedro, apellido=Sisalima, fechaNacimiento=1950-02-10, codigoSeguro=a7-78, estatura=1.78, peso=68.7, genero=masculino]
[2022-02-15 17:46:44] [ INFO ] [DoctorRepoImpl:24] Paciente [id=20, cedula=237000, nombre=taty, apellido=Ruiz, fechaNacimiento=1950-02-10, codigoSeguro=iowus-45, estatura=1.78, peso=68.7, genero=femenino]
[2022-02-15 17:46:44] [ INFO ] [PruebaModulo2JyApplication:95] Paciente [id=20, cedula=237000, nombre=taty, apellido=Ruiz, fechaNacimiento=1950-02-10, codigoSeguro=iowus-45, estatura=1.78, peso=68.7, genero=femenino]
[2022-02-15 17:46:44] [ INFO ] [DoctorRepoImpl:26] Doctor [id=19, cedula=2300, nombre=Judit, apellido=Vince, fechaNacimiento=1992-06-24, numeroConsultorio=5, codigoSenescyt=rt-56, genero=femenino]
[2022-02-15 17:46:44] [ INFO ] [PruebaModulo2JyApplication:107] Doctor [id=19, cedula=2300, nombre=Judit, apellido=Vince, fechaNacimiento=1992-06-24, numeroConsultorio=5, codigoSenescyt=rt-56, genero=femenino]
[2022-02-15 17:46:44] [ INFO ] [DoctorRepoImpl:26] Doctor [id=20, cedula=1706, nombre=Mauro, apellido=Ruiz, fechaNacimiento=1987-04-04, numeroConsultorio=7, codigoSenescyt=po-56, genero=masculino]
[2022-02-15 17:46:44] [ INFO ] [PruebaModulo2JyApplication:119] Doctor [id=20, cedula=1706, nombre=Mauro, apellido=Ruiz, fechaNacimiento=1987-04-04, numeroConsultorio=7, codigoSenescyt=po-56, genero=masculino]
[2022-02-15 17:47:34] [ INFO ] [PruebaModulo2JyApplication:48] ****************
[2022-02-15 17:47:34] [ INFO ] [DoctorRepoImpl:24] Paciente [id=21, cedula=17000, nombre=Pedro, apellido=Sisalima, fechaNacimiento=1950-02-10, codigoSeguro=a7-78, estatura=1.78, peso=68.7, genero=masculino]
[2022-02-15 17:47:34] [ INFO ] [PruebaModulo2JyApplication:82] Paciente [id=21, cedula=17000, nombre=Pedro, apellido=Sisalima, fechaNacimiento=1950-02-10, codigoSeguro=a7-78, estatura=1.78, peso=68.7, genero=masculino]
[2022-02-15 17:47:34] [ INFO ] [DoctorRepoImpl:24] Paciente [id=22, cedula=237000, nombre=taty, apellido=Ruiz, fechaNacimiento=1950-02-10, codigoSeguro=tyus-45, estatura=1.78, peso=68.7, genero=femenino]
[2022-02-15 17:47:34] [ INFO ] [PruebaModulo2JyApplication:95] Paciente [id=22, cedula=237000, nombre=taty, apellido=Ruiz, fechaNacimiento=1950-02-10, codigoSeguro=tyus-45, estatura=1.78, peso=68.7, genero=femenino]
[2022-02-15 17:47:34] [ INFO ] [DoctorRepoImpl:26] Doctor [id=21, cedula=2300, nombre=Judit, apellido=Vinc, fechaNacimiento=1992-06-24, numeroConsultorio=5, codigoSenescyt=rt-56, genero=femenino]
[2022-02-15 17:47:34] [ INFO ] [PruebaModulo2JyApplication:107] Doctor [id=21, cedula=2300, nombre=Judit, apellido=Vinc, fechaNacimiento=1992-06-24, numeroConsultorio=5, codigoSenescyt=rt-56, genero=femenino]
[2022-02-15 17:47:34] [ INFO ] [DoctorRepoImpl:26] Doctor [id=22, cedula=1706, nombre=Mauro, apellido=Ruiz, fechaNacimiento=1987-04-04, numeroConsultorio=7, codigoSenescyt=po-56, genero=masculino]
[2022-02-15 17:47:34] [ INFO ] [PruebaModulo2JyApplication:119] Doctor [id=22, cedula=1706, nombre=Mauro, apellido=Ruiz, fechaNacimiento=1987-04-04, numeroConsultorio=7, codigoSenescyt=po-56, genero=masculino]
[2022-02-15 17:47:34] [ INFO ] [CitaMedicaRepoImpl:34] CitaMedica [id=8, numero=45-78, fecha=2022-04-05T12:30, valor=56.335999999999996593391671240169683985903073166315839712657044524579674771302961744368076324462890625, lugar=null, diagnostico=null, receta=null, fechaProximaCita=null]
[2022-02-15 17:47:34] [ INFO ] [PruebaModulo2JyApplication:130] CitaMedica [id=null, numero=45-78, fecha=2022-04-05T12:30, valor=50.2999999999999971578290569595992565155029296875, lugar=clinica pichincha ala B, diagnostico=disenteria, receta=paracetamol, fechaProximaCita=null]
[2022-02-18 01:52:20] [ INFO ] [PruebaModulo2JyApplication:51] ****************
[2022-02-18 01:52:20] [ INFO ] [DoctorRepoImpl:25] Paciente [id=29, cedula=17000, nombre=Pedro, apellido=Sisalima, fechaNacimiento=1950-02-10, codigoSeguro=a7-78, estatura=1.78, peso=68.7, genero=masculino]
[2022-02-18 01:52:20] [ INFO ] [PruebaModulo2JyApplication:85] Paciente [id=29, cedula=17000, nombre=Pedro, apellido=Sisalima, fechaNacimiento=1950-02-10, codigoSeguro=a7-78, estatura=1.78, peso=68.7, genero=masculino]
[2022-02-18 01:52:20] [ INFO ] [DoctorRepoImpl:25] Paciente [id=30, cedula=237000, nombre=taty, apellido=Ruiz, fechaNacimiento=1950-02-10, codigoSeguro=tyus-45, estatura=1.78, peso=68.7, genero=femenino]
[2022-02-18 01:52:20] [ INFO ] [PruebaModulo2JyApplication:98] Paciente [id=30, cedula=237000, nombre=taty, apellido=Ruiz, fechaNacimiento=1950-02-10, codigoSeguro=tyus-45, estatura=1.78, peso=68.7, genero=femenino]
[2022-02-18 01:52:20] [ INFO ] [DoctorRepoImpl:27] Doctor [id=29, cedula=2300, nombre=Judit, apellido=Vinc, fechaNacimiento=1992-06-24, numeroConsultorio=5, codigoSenescyt=rt-56, genero=femenino]
[2022-02-18 01:52:20] [ INFO ] [PruebaModulo2JyApplication:110] Doctor [id=29, cedula=2300, nombre=Judit, apellido=Vinc, fechaNacimiento=1992-06-24, numeroConsultorio=5, codigoSenescyt=rt-56, genero=femenino]
[2022-02-18 01:52:20] [ INFO ] [DoctorRepoImpl:27] Doctor [id=30, cedula=1706, nombre=Mauro, apellido=Ruiz, fechaNacimiento=1987-04-04, numeroConsultorio=7, codigoSenescyt=po-56, genero=masculino]
[2022-02-18 01:52:20] [ INFO ] [PruebaModulo2JyApplication:122] Doctor [id=30, cedula=1706, nombre=Mauro, apellido=Ruiz, fechaNacimiento=1987-04-04, numeroConsultorio=7, codigoSenescyt=po-56, genero=masculino]
[2022-02-18 02:13:33] [ INFO ] [PruebaModulo2JyApplication:137] Pacientes : 0
[2022-02-18 02:16:19] [ INFO ] [PruebaModulo2JyApplication:53] ****************
[2022-02-18 02:16:20] [ INFO ] [PruebaModulo2JyApplication:137] Pacientes : 0
[2022-02-18 02:17:12] [ INFO ] [PruebaModulo2JyApplication:53] ****************
[2022-02-18 02:17:12] [ INFO ] [PruebaModulo2JyApplication:137] Pacientes : 15
[2022-02-18 02:17:12] [ INFO ] [PruebaModulo2JyApplication:139] PacienteSencillo [cedula=237000, nombre=taty, fechaNacimiento=1950-02-10, genero=femenino]
[2022-02-18 02:17:12] [ INFO ] [PruebaModulo2JyApplication:139] PacienteSencillo [cedula=237000, nombre=taty, fechaNacimiento=1950-02-10, genero=femenino]
[2022-02-18 02:17:12] [ INFO ] [PruebaModulo2JyApplication:139] PacienteSencillo [cedula=237000, nombre=taty, fechaNacimiento=1950-02-10, genero=femenino]
[2022-02-18 02:17:12] [ INFO ] [PruebaModulo2JyApplication:139] PacienteSencillo [cedula=237000, nombre=taty, fechaNacimiento=1950-02-10, genero=femenino]
[2022-02-18 02:17:12] [ INFO ] [PruebaModulo2JyApplication:139] PacienteSencillo [cedula=237000, nombre=taty, fechaNacimiento=1950-02-10, genero=femenino]
[2022-02-18 02:17:12] [ INFO ] [PruebaModulo2JyApplication:139] PacienteSencillo [cedula=237000, nombre=taty, fechaNacimiento=1950-02-10, genero=femenino]
[2022-02-18 02:17:12] [ INFO ] [PruebaModulo2JyApplication:139] PacienteSencillo [cedula=237000, nombre=taty, fechaNacimiento=1950-02-10, genero=femenino]
[2022-02-18 02:17:12] [ INFO ] [PruebaModulo2JyApplication:139] PacienteSencillo [cedula=237000, nombre=taty, fechaNacimiento=1950-02-10, genero=femenino]
[2022-02-18 02:17:12] [ INFO ] [PruebaModulo2JyApplication:139] PacienteSencillo [cedula=237000, nombre=taty, fechaNacimiento=1950-02-10, genero=femenino]
[2022-02-18 02:17:12] [ INFO ] [PruebaModulo2JyApplication:139] PacienteSencillo [cedula=237000, nombre=taty, fechaNacimiento=1950-02-10, genero=femenino]
[2022-02-18 02:17:12] [ INFO ] [PruebaModulo2JyApplication:139] PacienteSencillo [cedula=237000, nombre=taty, fechaNacimiento=1950-02-10, genero=femenino]
[2022-02-18 02:17:12] [ INFO ] [PruebaModulo2JyApplication:139] PacienteSencillo [cedula=237000, nombre=taty, fechaNacimiento=1950-02-10, genero=femenino]
[2022-02-18 02:17:12] [ INFO ] [PruebaModulo2JyApplication:139] PacienteSencillo [cedula=237000, nombre=taty, fechaNacimiento=1950-02-10, genero=femenino]
[2022-02-18 02:17:12] [ INFO ] [PruebaModulo2JyApplication:139] PacienteSencillo [cedula=237000, nombre=taty, fechaNacimiento=1950-02-10, genero=femenino]
[2022-02-18 02:17:12] [ INFO ] [PruebaModulo2JyApplication:139] PacienteSencillo [cedula=237000, nombre=taty, fechaNacimiento=1950-02-10, genero=femenino]
[2022-02-18 02:20:59] [ INFO ] [PruebaModulo2JyApplication:53] ****************
[2022-02-18 02:24:56] [ INFO ] [PruebaModulo2JyApplication:53] ****************
[2022-02-18 02:24:56] [ INFO ] [DoctorRepoImpl:30] Paciente [id=31, cedula=123, nombre=Pedro, apellido=Sisalima, fechaNacimiento=1950-02-10, codigoSeguro=a7-78, estatura=1.78, peso=68.7, genero=masculino]
[2022-02-18 02:24:56] [ INFO ] [PruebaModulo2JyApplication:87] Paciente [id=31, cedula=123, nombre=Pedro, apellido=Sisalima, fechaNacimiento=1950-02-10, codigoSeguro=a7-78, estatura=1.78, peso=68.7, genero=masculino]
[2022-02-18 02:24:56] [ INFO ] [DoctorRepoImpl:27] Doctor [id=31, cedula=3456, nombre=Mauro, apellido=Ruiz, fechaNacimiento=1987-04-04, numeroConsultorio=7, codigoSenescyt=po-56, genero=masculino]
[2022-02-18 02:24:56] [ INFO ] [PruebaModulo2JyApplication:124] Doctor [id=31, cedula=3456, nombre=Mauro, apellido=Ruiz, fechaNacimiento=1987-04-04, numeroConsultorio=7, codigoSenescyt=po-56, genero=masculino]
[2022-02-18 02:24:56] [ INFO ] [CitaMedicaRepoImpl:34] CitaMedica [id=12, numero=10-89, fecha=2022-05-05T14:30, valor=25.300000000000000710542735760100185871124267578125, lugar=null, diagnostico=null, receta=null, fechaProximaCita=null]
[2022-02-18 02:24:56] [ INFO ] [PruebaModulo2JyApplication:141] Pacientes : 15
[2022-02-18 02:24:56] [ INFO ] [PruebaModulo2JyApplication:143] PacienteSencillo [cedula=237000, nombre=taty, fechaNacimiento=1950-02-10, genero=femenino]
[2022-02-18 02:24:56] [ INFO ] [PruebaModulo2JyApplication:143] PacienteSencillo [cedula=237000, nombre=taty, fechaNacimiento=1950-02-10, genero=femenino]
[2022-02-18 02:24:56] [ INFO ] [PruebaModulo2JyApplication:143] PacienteSencillo [cedula=237000, nombre=taty, fechaNacimiento=1950-02-10, genero=femenino]
[2022-02-18 02:24:56] [ INFO ] [PruebaModulo2JyApplication:143] PacienteSencillo [cedula=237000, nombre=taty, fechaNacimiento=1950-02-10, genero=femenino]
[2022-02-18 02:24:56] [ INFO ] [PruebaModulo2JyApplication:143] PacienteSencillo [cedula=237000, nombre=taty, fechaNacimiento=1950-02-10, genero=femenino]
[2022-02-18 02:24:56] [ INFO ] [PruebaModulo2JyApplication:143] PacienteSencillo [cedula=237000, nombre=taty, fechaNacimiento=1950-02-10, genero=femenino]
[2022-02-18 02:24:56] [ INFO ] [PruebaModulo2JyApplication:143] PacienteSencillo [cedula=237000, nombre=taty, fechaNacimiento=1950-02-10, genero=femenino]
[2022-02-18 02:24:56] [ INFO ] [PruebaModulo2JyApplication:143] PacienteSencillo [cedula=237000, nombre=taty, fechaNacimiento=1950-02-10, genero=femenino]
[2022-02-18 02:24:56] [ INFO ] [PruebaModulo2JyApplication:143] PacienteSencillo [cedula=237000, nombre=taty, fechaNacimiento=1950-02-10, genero=femenino]
[2022-02-18 02:24:56] [ INFO ] [PruebaModulo2JyApplication:143] PacienteSencillo [cedula=237000, nombre=taty, fechaNacimiento=1950-02-10, genero=femenino]
[2022-02-18 02:24:56] [ INFO ] [PruebaModulo2JyApplication:143] PacienteSencillo [cedula=237000, nombre=taty, fechaNacimiento=1950-02-10, genero=femenino]
[2022-02-18 02:24:56] [ INFO ] [PruebaModulo2JyApplication:143] PacienteSencillo [cedula=237000, nombre=taty, fechaNacimiento=1950-02-10, genero=femenino]
[2022-02-18 02:24:56] [ INFO ] [PruebaModulo2JyApplication:143] PacienteSencillo [cedula=237000, nombre=taty, fechaNacimiento=1950-02-10, genero=femenino]
[2022-02-18 02:24:56] [ INFO ] [PruebaModulo2JyApplication:143] PacienteSencillo [cedula=237000, nombre=taty, fechaNacimiento=1950-02-10, genero=femenino]
[2022-02-18 02:24:56] [ INFO ] [PruebaModulo2JyApplication:143] PacienteSencillo [cedula=237000, nombre=taty, fechaNacimiento=1950-02-10, genero=femenino]
